<?xml version="1.0" encoding="UTF-8"?>
<!-- Generated by org.testng.reporters.JUnitReportReporter -->
<testsuite hostname="WMS" failures="0" tests="2" name="testCase.Login_TC001" time="149.137" errors="0" timestamp="2024-03-16T15:07:25 IST" skipped="0">
  <testcase classname="testCase.Login_TC001" name="LoginTest" time="8.000"/>
  <testcase classname="testCase.Login_TC001" name="dashboard_test" time="141.137"/>
</testsuite> <!-- testCase.Login_TC001 -->
